#
# There is insufficient memory for the Java Runtime Environment to continue.
# Native memory allocation (mmap) failed to map 134217728 bytes for Failed to commit area from 0x0000000081c00000 to 0x0000000089c00000 of length 134217728.
# Possible reasons:
#   The system is out of physical RAM or swap space
#   The process is running with CompressedOops enabled, and the Java Heap may be blocking the growth of the native heap
# Possible solutions:
#   Reduce memory load on the system
#   Increase physical memory or swap space
#   Check if swap backing store is full
#   Decrease Java heap size (-Xmx/-Xms)
#   Decrease number of Java threads
#   Decrease Java thread stack sizes (-Xss)
#   Set larger code cache with -XX:ReservedCodeCacheSize=
# This output file may be truncated or incomplete.
#
#  Out of Memory Error (t:/workspace/open/src/hotspot/os/windows/os_windows.cpp:3301), pid=13504, tid=25948
#
# JRE version:  (13.0.2+8) (build )
# Java VM: Java HotSpot(TM) 64-Bit Server VM (13.0.2+8, mixed mode, aot, sharing, tiered, compressed oops, g1 gc, windows-amd64)
# No core dump will be written. Minidumps are not enabled by default on client versions of Windows
#

---------------  S U M M A R Y ------------

Command Line: -Dfile.encoding=Cp1252 presentacion.PongGUI

Host: Intel(R) Core(TM) i5-4210U CPU @ 1.70GHz, 4 cores, 7G,  Windows 10 , 64 bit Build 18362 (10.0.18362.778)
Time: Wed Apr 22 18:03:52 2020 Hora est. Pacífico, Sudamérica elapsed time: 0 seconds (0d 0h 0m 0s)

---------------  T H R E A D  ---------------

Current thread (0x000001d0ee241800):  JavaThread "Unknown thread" [_thread_in_vm, id=25948, stack(0x0000001a19300000,0x0000001a19400000)]

Stack: [0x0000001a19300000,0x0000001a19400000]
Native frames: (J=compiled Java code, j=interpreted, Vv=VM code, C=native code)
V  [jvm.dll+0x624f9a]
V  [jvm.dll+0x770cfa]
V  [jvm.dll+0x7724af]
V  [jvm.dll+0x772ab3]
V  [jvm.dll+0x24bf08]
V  [jvm.dll+0x6222aa]
V  [jvm.dll+0x6170b5]
V  [jvm.dll+0x30a88c]
V  [jvm.dll+0x30a6c2]
V  [jvm.dll+0x30fe36]
V  [jvm.dll+0x353f46]
V  [jvm.dll+0x353720]
V  [jvm.dll+0x2e550a]
V  [jvm.dll+0x2e67a2]
V  [jvm.dll+0x74dd78]
V  [jvm.dll+0x361989]
V  [jvm.dll+0x730e65]
V  [jvm.dll+0x3cc53f]
V  [jvm.dll+0x3ce861]
C  [jli.dll+0x51ff]
C  [ucrtbase.dll+0x20e72]
C  [KERNEL32.DLL+0x17bd4]
C  [ntdll.dll+0x6ce51]


---------------  P R O C E S S  ---------------

Threads class SMR info:
_java_thread_list=0x00007fff1567ccb8, length=0, elements={
}

Java Threads: ( => current thread )

Other Threads:
  0x000001d0ee286000 GCTaskThread "GC Thread#0" [stack: 0x0000001a19400000,0x0000001a19500000] [id=27160]
  0x000001d0ee297800 ConcurrentGCThread "G1 Main Marker" [stack: 0x0000001a19500000,0x0000001a19600000] [id=27424]
  0x000001d0ee299800 ConcurrentGCThread "G1 Conc#0" [stack: 0x0000001a19600000,0x0000001a19700000] [id=26836]

[error occurred during error reporting (printing all threads), id 0xc0000005, EXCEPTION_ACCESS_VIOLATION (0xc0000005) at pc=0x00007fff14eb51d7]

VM state:not at safepoint (not fully initialized)

VM Mutex/Monitor currently owned by a thread:  ([mutex/lock_event])
[0x000001d0ee23e750] Heap_lock - owner thread: 0x000001d0ee241800

Heap address: 0x0000000081c00000, size: 2020 MB, Compressed Oops mode: Non-zero based: 0x0000000081c00000
Narrow klass base: 0x0000000000000000, Narrow klass shift: 0

GC Heap History (0 events):
No events

Deoptimization events (0 events):
No events

Classes unloaded (0 events):
No events

Classes redefined (0 events):
No events

Internal exceptions (0 events):
No events

Events (8 events):
Event: 0.023 Loaded shared library C:\Program Files\Java\jdk-13.0.2\bin\zip.dll
Event: 0.024 Loaded shared library C:\Program Files\Java\jdk-13.0.2\bin\jimage.dll
Event: 0.029 Loading shared library C:\Program Files\Java\jdk-13.0.2\lib\libjava.base-coop.dll failed, error code 126
Event: 0.029 Loading shared library C:\Program Files\Java\jdk-13.0.2\lib\libjava.logging-coop.dll failed, error code 126
Event: 0.029 Loading shared library C:\Program Files\Java\jdk-13.0.2\lib\libjdk.compiler-coop.dll failed, error code 126
Event: 0.029 Loading shared library C:\Program Files\Java\jdk-13.0.2\lib\libjdk.scripting.nashorn-coop.dll failed, error code 126
Event: 0.029 Loading shared library C:\Program Files\Java\jdk-13.0.2\lib\libjdk.internal.vm.ci-coop.dll failed, error code 126
Event: 0.030 Loading shared library C:\Program Files\Java\jdk-13.0.2\lib\libjdk.internal.vm.compiler-coop.dll failed, error code 126


Dynamic libraries:
0x00007ff74eb80000 - 0x00007ff74eb8f000 	C:\Program Files\Java\jdk-13.0.2\bin\javaw.exe
0x00007fff7c700000 - 0x00007fff7c8f0000 	C:\WINDOWS\SYSTEM32\ntdll.dll
0x00007fff7b2c0000 - 0x00007fff7b372000 	C:\WINDOWS\System32\KERNEL32.DLL
0x00007fff7a070000 - 0x00007fff7a313000 	C:\WINDOWS\System32\KERNELBASE.dll
0x00007fff797f0000 - 0x00007fff798ea000 	C:\WINDOWS\System32\ucrtbase.dll
0x00007fff72860000 - 0x00007fff72878000 	C:\Program Files\Java\jdk-13.0.2\bin\jli.dll
0x00007fff7a880000 - 0x00007fff7a923000 	C:\WINDOWS\System32\ADVAPI32.dll
0x00007fff7a7e0000 - 0x00007fff7a87e000 	C:\WINDOWS\System32\msvcrt.dll
0x00007fff7b400000 - 0x00007fff7b497000 	C:\WINDOWS\System32\sechost.dll
0x00007fff7aa20000 - 0x00007fff7ab40000 	C:\WINDOWS\System32\RPCRT4.dll
0x00007fff7bc60000 - 0x00007fff7bdf4000 	C:\WINDOWS\System32\USER32.dll
0x00007fff79690000 - 0x00007fff796b1000 	C:\WINDOWS\System32\win32u.dll
0x00007fff7aba0000 - 0x00007fff7abc6000 	C:\WINDOWS\System32\GDI32.dll
0x00007fff7a440000 - 0x00007fff7a5d4000 	C:\WINDOWS\System32\gdi32full.dll
0x00007fff79750000 - 0x00007fff797ee000 	C:\WINDOWS\System32\msvcp_win.dll
0x00007fff67bd0000 - 0x00007fff67e55000 	C:\WINDOWS\WinSxS\amd64_microsoft.windows.common-controls_6595b64144ccf1df_6.0.18362.778_none_e6c6b761130d4fb8\COMCTL32.dll
0x00007fff7b920000 - 0x00007fff7bc56000 	C:\WINDOWS\System32\combase.dll
0x00007fff7a730000 - 0x00007fff7a7b0000 	C:\WINDOWS\System32\bcryptPrimitives.dll
0x00007fff71fa0000 - 0x00007fff71fb5000 	C:\Program Files\Java\jdk-13.0.2\bin\VCRUNTIME140.dll
0x00007fff72540000 - 0x00007fff7254a000 	C:\WINDOWS\SYSTEM32\VERSION.dll
0x00007fff7b8f0000 - 0x00007fff7b91e000 	C:\WINDOWS\System32\IMM32.DLL
0x00007fff50e40000 - 0x00007fff50edb000 	C:\Program Files\Java\jdk-13.0.2\bin\msvcp140.dll
0x00007fff14bc0000 - 0x00007fff1571d000 	C:\Program Files\Java\jdk-13.0.2\bin\server\jvm.dll
0x00007fff7a930000 - 0x00007fff7a938000 	C:\WINDOWS\System32\PSAPI.DLL
0x00007fff6f050000 - 0x00007fff6f059000 	C:\WINDOWS\SYSTEM32\WSOCK32.dll
0x00007fff7b880000 - 0x00007fff7b8ef000 	C:\WINDOWS\System32\WS2_32.dll
0x00007fff6c7e0000 - 0x00007fff6c804000 	C:\WINDOWS\SYSTEM32\WINMM.dll
0x00007fff6c7b0000 - 0x00007fff6c7dd000 	C:\WINDOWS\SYSTEM32\WINMMBASE.dll
0x00007fff7a340000 - 0x00007fff7a38a000 	C:\WINDOWS\System32\cfgmgr32.dll
0x00007fff795d0000 - 0x00007fff795e1000 	C:\WINDOWS\System32\kernel.appcore.dll
0x00007fff738b0000 - 0x00007fff738c0000 	C:\Program Files\Java\jdk-13.0.2\bin\verify.dll
0x00007fff78230000 - 0x00007fff78424000 	C:\WINDOWS\SYSTEM32\DBGHELP.DLL
0x00007fff73cd0000 - 0x00007fff73cfa000 	C:\WINDOWS\SYSTEM32\dbgcore.DLL
0x00007fff5e330000 - 0x00007fff5e356000 	C:\Program Files\Java\jdk-13.0.2\bin\java.dll
0x00007fff6aec0000 - 0x00007fff6aed7000 	C:\Program Files\Java\jdk-13.0.2\bin\zip.dll
0x00007fff72880000 - 0x00007fff7288a000 	C:\Program Files\Java\jdk-13.0.2\bin\jimage.dll

dbghelp: loaded successfully - version: 4.0.5 - missing functions: none
symbol engine: initialized successfully - sym options: 0x614 - pdb path: .;C:\Program Files\Java\jdk-13.0.2\bin;C:\WINDOWS\SYSTEM32;C:\WINDOWS\WinSxS\amd64_microsoft.windows.common-controls_6595b64144ccf1df_6.0.18362.778_none_e6c6b761130d4fb8;C:\Program Files\Java\jdk-13.0.2\bin\server

VM Arguments:
jvm_args: -Dfile.encoding=Cp1252 
java_command: presentacion.PongGUI
java_class_path (initial): C:\Users\ASUS\Documents\proyecto final\pong\bin
Launcher Type: SUN_STANDARD

[Global flags]
     intx CICompilerCount                          = 3                                         {product} {ergonomic}
     uint ConcGCThreads                            = 1                                         {product} {ergonomic}
     uint G1ConcRefinementThreads                  = 4                                         {product} {ergonomic}
   size_t G1HeapRegionSize                         = 1048576                                   {product} {ergonomic}
    uintx GCDrainStackTargetSize                   = 64                                        {product} {ergonomic}
   size_t InitialHeapSize                          = 134217728                                 {product} {ergonomic}
   size_t MarkStackSize                            = 4194304                                   {product} {ergonomic}
   size_t MaxHeapSize                              = 2118123520                                {product} {ergonomic}
   size_t MinHeapDeltaBytes                        = 1048576                                   {product} {ergonomic}
   size_t MinHeapSize                              = 8388608                                   {product} {ergonomic}
    uintx NonNMethodCodeHeapSize                   = 5832780                                {pd product} {ergonomic}
    uintx NonProfiledCodeHeapSize                  = 122912730                              {pd product} {ergonomic}
    uintx ProfiledCodeHeapSize                     = 122912730                              {pd product} {ergonomic}
    uintx ReservedCodeCacheSize                    = 251658240                              {pd product} {ergonomic}
     bool SegmentedCodeCache                       = true                                      {product} {ergonomic}
   size_t SoftMaxHeapSize                          = 2118123520                             {manageable} {ergonomic}
     bool UseCompressedClassPointers               = true                                 {lp64_product} {ergonomic}
     bool UseCompressedOops                        = true                                 {lp64_product} {ergonomic}
     bool UseG1GC                                  = true                                      {product} {ergonomic}
     bool UseLargePagesIndividualAllocation        = false                                  {pd product} {ergonomic}

Logging:
Log output configuration:
 #0: stdout all=warning uptime,level,tags
 #1: stderr all=off uptime,level,tags

Environment Variables:
PATH=C:/Program Files/Java/jdk-13.0.2/bin/server;C:/Program Files/Java/jdk-13.0.2/bin;C:\Program Files (x86)\Common Files\Oracle\Java\javapath;C:\WINDOWS\system32;C:\WINDOWS;C:\WINDOWS\System32\Wbem;C:\WINDOWS\System32\WindowsPowerShell\v1.0\;C:\WINDOWS\System32\OpenSSH\;C:\Program Files\Git\cmd;C:\Program Files\Java\jdk-13.0.2\bin;C:\Users\ASUS\AppData\Local\Microsoft\WindowsApps;;C:\Users\ASUS\AppData\Local\Programs\Microsoft VS Code\bin;C:\WINDOWS\system32;
USERNAME=ASUS
OS=Windows_NT
PROCESSOR_IDENTIFIER=Intel64 Family 6 Model 69 Stepping 1, GenuineIntel



---------------  S Y S T E M  ---------------

OS: Windows 10 , 64 bit Build 18362 (10.0.18362.778)

CPU:total 4 (initial active 4) (2 cores per cpu, 2 threads per core) family 6 model 69 stepping 1, cmov, cx8, fxsr, mmx, sse, sse2, sse3, ssse3, sse4.1, sse4.2, popcnt, avx, avx2, aes, clmul, erms, lzcnt, ht, tsc, tscinvbit, bmi1, bmi2, fma

Memory: 4k page, system-wide physical 8075M (1491M free)
TotalPageFile size 32651M (AvailPageFile size 67M)
current process WorkingSet (physical memory assigned to process): 10M, peak: 10M
current process commit charge ("private bytes"): 52M, peak: 180M

vm_info: Java HotSpot(TM) 64-Bit Server VM (13.0.2+8) for windows-amd64 JRE (13.0.2+8), built on Dec 11 2019 09:20:33 by "mach5one" with unknown MS VC++:1916

END.
