#
# There is insufficient memory for the Java Runtime Environment to continue.
# Native memory allocation (malloc) failed to allocate 138736 bytes for Chunk::new
# Possible reasons:
#   The system is out of physical RAM or swap space
#   The process is running with CompressedOops enabled, and the Java Heap may be blocking the growth of the native heap
# Possible solutions:
#   Reduce memory load on the system
#   Increase physical memory or swap space
#   Check if swap backing store is full
#   Decrease Java heap size (-Xmx/-Xms)
#   Decrease number of Java threads
#   Decrease Java thread stack sizes (-Xss)
#   Set larger code cache with -XX:ReservedCodeCacheSize=
#   JVM is running with Unscaled Compressed Oops mode in which the Java heap is
#     placed in the first 4GB address space. The Java Heap base address is the
#     maximum limit for the native heap growth. Please use -XX:HeapBaseMinAddress
#     to set the Java Heap base and to place the Java Heap above 4GB virtual address.
# This output file may be truncated or incomplete.
#
#  Out of Memory Error (t:/workspace/open/src/hotspot/share/memory/arena.cpp:196), pid=22472, tid=22048
#
# JRE version: Java(TM) SE Runtime Environment (13.0.2+8) (build 13.0.2+8)
# Java VM: Java HotSpot(TM) 64-Bit Server VM (13.0.2+8, mixed mode, sharing, tiered, compressed oops, g1 gc, windows-amd64)
# No core dump will be written. Minidumps are not enabled by default on client versions of Windows
#

---------------  S U M M A R Y ------------

Command Line: -Dfile.encoding=Cp1252 presentacion.PongGUI

Host: Intel(R) Core(TM) i5-4210U CPU @ 1.70GHz, 4 cores, 7G,  Windows 10 , 64 bit Build 18362 (10.0.18362.778)
Time: Wed Apr 22 18:05:01 2020 Hora est. Pacífico, Sudamérica elapsed time: 6 seconds (0d 0h 0m 6s)

---------------  T H R E A D  ---------------

Current thread (0x0000025aa09ad000):  JavaThread "C2 CompilerThread0" daemon [_thread_in_native, id=22048, stack(0x000000ad3db00000,0x000000ad3dc00000)]


Current CompileTask:
C2:   6338 1216       4       sun.java2d.SunGraphics2D::dispose (12 bytes)

Stack: [0x000000ad3db00000,0x000000ad3dc00000]
Native frames: (J=compiled Java code, j=interpreted, Vv=VM code, C=native code)
V  [jvm.dll+0x624f9a]
V  [jvm.dll+0x770cfa]
V  [jvm.dll+0x7724af]
V  [jvm.dll+0x772ab3]
V  [jvm.dll+0x24bf08]
V  [jvm.dll+0xc1e47]
V  [jvm.dll+0xc23cc]
V  [jvm.dll+0x35c068]
V  [jvm.dll+0x327803]
V  [jvm.dll+0x326bda]
V  [jvm.dll+0x205c27]
V  [jvm.dll+0x204e3f]
V  [jvm.dll+0x189c2c]
V  [jvm.dll+0x213e6d]
V  [jvm.dll+0x2120bb]
V  [jvm.dll+0x736bb6]
V  [jvm.dll+0x72fcaa]
V  [jvm.dll+0x623ea6]
C  [ucrtbase.dll+0x20e72]
C  [KERNEL32.DLL+0x17bd4]
C  [ntdll.dll+0x6ce51]


---------------  P R O C E S S  ---------------

Threads class SMR info:
_java_thread_list=0x0000025aa1eb4e20, length=16, elements={
0x0000025aa0986000, 0x0000025aa0989800, 0x0000025aa09a4000, 0x0000025aa09a7800,
0x0000025aa09ad000, 0x0000025aa09b2000, 0x0000025aa09bb800, 0x0000025aa140f000,
0x0000025aa141a000, 0x0000025aa1653000, 0x0000025aa165a800, 0x0000025aa165e000,
0x0000025aa16b0000, 0x0000025aa1d50800, 0x0000025a8233c000, 0x0000025aa2120800
}

Java Threads: ( => current thread )
  0x0000025aa0986000 JavaThread "Reference Handler" daemon [_thread_blocked, id=9188, stack(0x000000ad3d700000,0x000000ad3d800000)]
  0x0000025aa0989800 JavaThread "Finalizer" daemon [_thread_blocked, id=24908, stack(0x000000ad3d800000,0x000000ad3d900000)]
  0x0000025aa09a4000 JavaThread "Signal Dispatcher" daemon [_thread_blocked, id=26064, stack(0x000000ad3d900000,0x000000ad3da00000)]
  0x0000025aa09a7800 JavaThread "Attach Listener" daemon [_thread_blocked, id=6412, stack(0x000000ad3da00000,0x000000ad3db00000)]
=>0x0000025aa09ad000 JavaThread "C2 CompilerThread0" daemon [_thread_in_native, id=22048, stack(0x000000ad3db00000,0x000000ad3dc00000)]
  0x0000025aa09b2000 JavaThread "C1 CompilerThread0" daemon [_thread_blocked, id=16088, stack(0x000000ad3dc00000,0x000000ad3dd00000)]
  0x0000025aa09bb800 JavaThread "Sweeper thread" daemon [_thread_blocked, id=26864, stack(0x000000ad3dd00000,0x000000ad3de00000)]
  0x0000025aa140f000 JavaThread "Service Thread" daemon [_thread_blocked, id=23836, stack(0x000000ad3de00000,0x000000ad3df00000)]
  0x0000025aa141a000 JavaThread "Common-Cleaner" daemon [_thread_blocked, id=16012, stack(0x000000ad3e000000,0x000000ad3e100000)]
  0x0000025aa1653000 JavaThread "Java2D Disposer" daemon [_thread_blocked, id=3424, stack(0x000000ad3e100000,0x000000ad3e200000)]
  0x0000025aa165a800 JavaThread "AWT-Shutdown" [_thread_blocked, id=12484, stack(0x000000ad3e200000,0x000000ad3e300000)]
  0x0000025aa165e000 JavaThread "AWT-Windows" daemon [_thread_in_native, id=16836, stack(0x000000ad3e300000,0x000000ad3e400000)]
  0x0000025aa16b0000 JavaThread "Image Fetcher 0" daemon [_thread_blocked, id=4460, stack(0x000000ad3e400000,0x000000ad3e500000)]
  0x0000025aa1d50800 JavaThread "AWT-EventQueue-0" [_thread_in_native, id=11628, stack(0x000000ad3e500000,0x000000ad3e600000)]
  0x0000025a8233c000 JavaThread "DestroyJavaVM" [_thread_blocked, id=10516, stack(0x000000ad3d000000,0x000000ad3d100000)]
  0x0000025aa2120800 JavaThread "Thread-0" [_thread_blocked, id=20880, stack(0x000000ad3e600000,0x000000ad3e700000)]

Other Threads:
  0x0000025aa0982800 VMThread "VM Thread" [stack: 0x000000ad3d600000,0x000000ad3d700000] [id=14000]
  0x0000025aa1414800 WatcherThread [stack: 0x000000ad3df00000,0x000000ad3e000000] [id=8864]
  0x0000025a82380000 GCTaskThread "GC Thread#0" [stack: 0x000000ad3d100000,0x000000ad3d200000] [id=5780]
  0x0000025a82391800 ConcurrentGCThread "G1 Main Marker" [stack: 0x000000ad3d200000,0x000000ad3d300000] [id=1764]
  0x0000025a82392800 ConcurrentGCThread "G1 Conc#0" [stack: 0x000000ad3d300000,0x000000ad3d400000] [id=17100]
  0x0000025aa0802800 ConcurrentGCThread "G1 Refine#0" [stack: 0x000000ad3d400000,0x000000ad3d500000] [id=9472]
  0x0000025aa0803800 ConcurrentGCThread "G1 Young RemSet Sampling" [stack: 0x000000ad3d500000,0x000000ad3d600000] [id=27624]

Threads with active compile tasks:
C2 CompilerThread0     6409 1216       4       sun.java2d.SunGraphics2D::dispose (12 bytes)

VM state:not at safepoint (normal execution)

VM Mutex/Monitor currently owned by a thread: None

Heap address: 0x0000000081c00000, size: 2020 MB, Compressed Oops mode: 32-bit
Narrow klass base: 0x0000000800000000, Narrow klass shift: 3
Compressed class space size: 1073741824 Address: 0x0000000800b40000

Heap:
 garbage-first heap   total 131072K, used 18432K [0x0000000081c00000, 0x0000000100000000)
  region size 1024K, 13 young (13312K), 0 survivors (0K)
 Metaspace       used 7831K, capacity 8077K, committed 8192K, reserved 1056768K
  class space    used 837K, capacity 953K, committed 1024K, reserved 1048576K
Heap Regions: E=young(eden), S=young(survivor), O=old, HS=humongous(starts), HC=humongous(continues), CS=collection set, F=free, A=archive, TAMS=top-at-mark-start (previous, next)
|   0|0x0000000081c00000, 0x0000000081d00000, 0x0000000081d00000|100%|HS|  |TAMS 0x0000000081c00000, 0x0000000081c00000| Complete 
|   1|0x0000000081d00000, 0x0000000081e00000, 0x0000000081e00000|100%|HS|  |TAMS 0x0000000081d00000, 0x0000000081d00000| Complete 
|   2|0x0000000081e00000, 0x0000000081f00000, 0x0000000081f00000|100%|HC|  |TAMS 0x0000000081e00000, 0x0000000081e00000| Complete 
|   3|0x0000000081f00000, 0x0000000082000000, 0x0000000082000000|100%|HC|  |TAMS 0x0000000081f00000, 0x0000000081f00000| Complete 
|   4|0x0000000082000000, 0x0000000082100000, 0x0000000082100000|100%|HS|  |TAMS 0x0000000082000000, 0x0000000082000000| Complete 
|   5|0x0000000082100000, 0x0000000082200000, 0x0000000082200000|100%|HS|  |TAMS 0x0000000082100000, 0x0000000082100000| Complete 
|   6|0x0000000082200000, 0x0000000082300000, 0x0000000082300000|100%|HC|  |TAMS 0x0000000082200000, 0x0000000082200000| Complete 
|   7|0x0000000082300000, 0x0000000082300000, 0x0000000082400000|  0%| F|  |TAMS 0x0000000082300000, 0x0000000082300000| Untracked 
|   8|0x0000000082400000, 0x0000000082400000, 0x0000000082500000|  0%| F|  |TAMS 0x0000000082400000, 0x0000000082400000| Untracked 
|   9|0x0000000082500000, 0x0000000082500000, 0x0000000082600000|  0%| F|  |TAMS 0x0000000082500000, 0x0000000082500000| Untracked 
|  10|0x0000000082600000, 0x0000000082600000, 0x0000000082700000|  0%| F|  |TAMS 0x0000000082600000, 0x0000000082600000| Untracked 
|  11|0x0000000082700000, 0x0000000082700000, 0x0000000082800000|  0%| F|  |TAMS 0x0000000082700000, 0x0000000082700000| Untracked 
|  12|0x0000000082800000, 0x0000000082800000, 0x0000000082900000|  0%| F|  |TAMS 0x0000000082800000, 0x0000000082800000| Untracked 
|  13|0x0000000082900000, 0x0000000082900000, 0x0000000082a00000|  0%| F|  |TAMS 0x0000000082900000, 0x0000000082900000| Untracked 
|  14|0x0000000082a00000, 0x0000000082a00000, 0x0000000082b00000|  0%| F|  |TAMS 0x0000000082a00000, 0x0000000082a00000| Untracked 
|  15|0x0000000082b00000, 0x0000000082b00000, 0x0000000082c00000|  0%| F|  |TAMS 0x0000000082b00000, 0x0000000082b00000| Untracked 
|  16|0x0000000082c00000, 0x0000000082c00000, 0x0000000082d00000|  0%| F|  |TAMS 0x0000000082c00000, 0x0000000082c00000| Untracked 
|  17|0x0000000082d00000, 0x0000000082d00000, 0x0000000082e00000|  0%| F|  |TAMS 0x0000000082d00000, 0x0000000082d00000| Untracked 
|  18|0x0000000082e00000, 0x0000000082e00000, 0x0000000082f00000|  0%| F|  |TAMS 0x0000000082e00000, 0x0000000082e00000| Untracked 
|  19|0x0000000082f00000, 0x0000000082f00000, 0x0000000083000000|  0%| F|  |TAMS 0x0000000082f00000, 0x0000000082f00000| Untracked 
|  20|0x0000000083000000, 0x0000000083000000, 0x0000000083100000|  0%| F|  |TAMS 0x0000000083000000, 0x0000000083000000| Untracked 
|  21|0x0000000083100000, 0x0000000083100000, 0x0000000083200000|  0%| F|  |TAMS 0x0000000083100000, 0x0000000083100000| Untracked 
|  22|0x0000000083200000, 0x0000000083200000, 0x0000000083300000|  0%| F|  |TAMS 0x0000000083200000, 0x0000000083200000| Untracked 
|  23|0x0000000083300000, 0x0000000083300000, 0x0000000083400000|  0%| F|  |TAMS 0x0000000083300000, 0x0000000083300000| Untracked 
|  24|0x0000000083400000, 0x0000000083400000, 0x0000000083500000|  0%| F|  |TAMS 0x0000000083400000, 0x0000000083400000| Untracked 
|  25|0x0000000083500000, 0x0000000083500000, 0x0000000083600000|  0%| F|  |TAMS 0x0000000083500000, 0x0000000083500000| Untracked 
|  26|0x0000000083600000, 0x0000000083600000, 0x0000000083700000|  0%| F|  |TAMS 0x0000000083600000, 0x0000000083600000| Untracked 
|  27|0x0000000083700000, 0x0000000083700000, 0x0000000083800000|  0%| F|  |TAMS 0x0000000083700000, 0x0000000083700000| Untracked 
|  28|0x0000000083800000, 0x0000000083800000, 0x0000000083900000|  0%| F|  |TAMS 0x0000000083800000, 0x0000000083800000| Untracked 
|  29|0x0000000083900000, 0x0000000083900000, 0x0000000083a00000|  0%| F|  |TAMS 0x0000000083900000, 0x0000000083900000| Untracked 
|  30|0x0000000083a00000, 0x0000000083a00000, 0x0000000083b00000|  0%| F|  |TAMS 0x0000000083a00000, 0x0000000083a00000| Untracked 
|  31|0x0000000083b00000, 0x0000000083b00000, 0x0000000083c00000|  0%| F|  |TAMS 0x0000000083b00000, 0x0000000083b00000| Untracked 
|  32|0x0000000083c00000, 0x0000000083c00000, 0x0000000083d00000|  0%| F|  |TAMS 0x0000000083c00000, 0x0000000083c00000| Untracked 
|  33|0x0000000083d00000, 0x0000000083d00000, 0x0000000083e00000|  0%| F|  |TAMS 0x0000000083d00000, 0x0000000083d00000| Untracked 
|  34|0x0000000083e00000, 0x0000000083e00000, 0x0000000083f00000|  0%| F|  |TAMS 0x0000000083e00000, 0x0000000083e00000| Untracked 
|  35|0x0000000083f00000, 0x0000000083f00000, 0x0000000084000000|  0%| F|  |TAMS 0x0000000083f00000, 0x0000000083f00000| Untracked 
|  36|0x0000000084000000, 0x0000000084000000, 0x0000000084100000|  0%| F|  |TAMS 0x0000000084000000, 0x0000000084000000| Untracked 
|  37|0x0000000084100000, 0x0000000084100000, 0x0000000084200000|  0%| F|  |TAMS 0x0000000084100000, 0x0000000084100000| Untracked 
|  38|0x0000000084200000, 0x0000000084200000, 0x0000000084300000|  0%| F|  |TAMS 0x0000000084200000, 0x0000000084200000| Untracked 
|  39|0x0000000084300000, 0x0000000084300000, 0x0000000084400000|  0%| F|  |TAMS 0x0000000084300000, 0x0000000084300000| Untracked 
|  40|0x0000000084400000, 0x0000000084400000, 0x0000000084500000|  0%| F|  |TAMS 0x0000000084400000, 0x0000000084400000| Untracked 
|  41|0x0000000084500000, 0x0000000084500000, 0x0000000084600000|  0%| F|  |TAMS 0x0000000084500000, 0x0000000084500000| Untracked 
|  42|0x0000000084600000, 0x0000000084600000, 0x0000000084700000|  0%| F|  |TAMS 0x0000000084600000, 0x0000000084600000| Untracked 
|  43|0x0000000084700000, 0x0000000084700000, 0x0000000084800000|  0%| F|  |TAMS 0x0000000084700000, 0x0000000084700000| Untracked 
|  44|0x0000000084800000, 0x0000000084800000, 0x0000000084900000|  0%| F|  |TAMS 0x0000000084800000, 0x0000000084800000| Untracked 
|  45|0x0000000084900000, 0x0000000084900000, 0x0000000084a00000|  0%| F|  |TAMS 0x0000000084900000, 0x0000000084900000| Untracked 
|  46|0x0000000084a00000, 0x0000000084a00000, 0x0000000084b00000|  0%| F|  |TAMS 0x0000000084a00000, 0x0000000084a00000| Untracked 
|  47|0x0000000084b00000, 0x0000000084b00000, 0x0000000084c00000|  0%| F|  |TAMS 0x0000000084b00000, 0x0000000084b00000| Untracked 
|  48|0x0000000084c00000, 0x0000000084c00000, 0x0000000084d00000|  0%| F|  |TAMS 0x0000000084c00000, 0x0000000084c00000| Untracked 
|  49|0x0000000084d00000, 0x0000000084d00000, 0x0000000084e00000|  0%| F|  |TAMS 0x0000000084d00000, 0x0000000084d00000| Untracked 
|  50|0x0000000084e00000, 0x0000000084e00000, 0x0000000084f00000|  0%| F|  |TAMS 0x0000000084e00000, 0x0000000084e00000| Untracked 
|  51|0x0000000084f00000, 0x0000000084f00000, 0x0000000085000000|  0%| F|  |TAMS 0x0000000084f00000, 0x0000000084f00000| Untracked 
|  52|0x0000000085000000, 0x0000000085000000, 0x0000000085100000|  0%| F|  |TAMS 0x0000000085000000, 0x0000000085000000| Untracked 
|  53|0x0000000085100000, 0x0000000085100000, 0x0000000085200000|  0%| F|  |TAMS 0x0000000085100000, 0x0000000085100000| Untracked 
|  54|0x0000000085200000, 0x0000000085200000, 0x0000000085300000|  0%| F|  |TAMS 0x0000000085200000, 0x0000000085200000| Untracked 
|  55|0x0000000085300000, 0x0000000085300000, 0x0000000085400000|  0%| F|  |TAMS 0x0000000085300000, 0x0000000085300000| Untracked 
|  56|0x0000000085400000, 0x0000000085400000, 0x0000000085500000|  0%| F|  |TAMS 0x0000000085400000, 0x0000000085400000| Untracked 
|  57|0x0000000085500000, 0x0000000085500000, 0x0000000085600000|  0%| F|  |TAMS 0x0000000085500000, 0x0000000085500000| Untracked 
|  58|0x0000000085600000, 0x0000000085600000, 0x0000000085700000|  0%| F|  |TAMS 0x0000000085600000, 0x0000000085600000| Untracked 
|  59|0x0000000085700000, 0x0000000085700000, 0x0000000085800000|  0%| F|  |TAMS 0x0000000085700000, 0x0000000085700000| Untracked 
|  60|0x0000000085800000, 0x0000000085800000, 0x0000000085900000|  0%| F|  |TAMS 0x0000000085800000, 0x0000000085800000| Untracked 
|  61|0x0000000085900000, 0x0000000085900000, 0x0000000085a00000|  0%| F|  |TAMS 0x0000000085900000, 0x0000000085900000| Untracked 
|  62|0x0000000085a00000, 0x0000000085a00000, 0x0000000085b00000|  0%| F|  |TAMS 0x0000000085a00000, 0x0000000085a00000| Untracked 
|  63|0x0000000085b00000, 0x0000000085b00000, 0x0000000085c00000|  0%| F|  |TAMS 0x0000000085b00000, 0x0000000085b00000| Untracked 
|  64|0x0000000085c00000, 0x0000000085c00000, 0x0000000085d00000|  0%| F|  |TAMS 0x0000000085c00000, 0x0000000085c00000| Untracked 
|  65|0x0000000085d00000, 0x0000000085d00000, 0x0000000085e00000|  0%| F|  |TAMS 0x0000000085d00000, 0x0000000085d00000| Untracked 
|  66|0x0000000085e00000, 0x0000000085e00000, 0x0000000085f00000|  0%| F|  |TAMS 0x0000000085e00000, 0x0000000085e00000| Untracked 
|  67|0x0000000085f00000, 0x0000000085f00000, 0x0000000086000000|  0%| F|  |TAMS 0x0000000085f00000, 0x0000000085f00000| Untracked 
|  68|0x0000000086000000, 0x0000000086000000, 0x0000000086100000|  0%| F|  |TAMS 0x0000000086000000, 0x0000000086000000| Untracked 
|  69|0x0000000086100000, 0x0000000086100000, 0x0000000086200000|  0%| F|  |TAMS 0x0000000086100000, 0x0000000086100000| Untracked 
|  70|0x0000000086200000, 0x0000000086200000, 0x0000000086300000|  0%| F|  |TAMS 0x0000000086200000, 0x0000000086200000| Untracked 
|  71|0x0000000086300000, 0x0000000086300000, 0x0000000086400000|  0%| F|  |TAMS 0x0000000086300000, 0x0000000086300000| Untracked 
|  72|0x0000000086400000, 0x0000000086400000, 0x0000000086500000|  0%| F|  |TAMS 0x0000000086400000, 0x0000000086400000| Untracked 
|  73|0x0000000086500000, 0x0000000086500000, 0x0000000086600000|  0%| F|  |TAMS 0x0000000086500000, 0x0000000086500000| Untracked 
|  74|0x0000000086600000, 0x0000000086600000, 0x0000000086700000|  0%| F|  |TAMS 0x0000000086600000, 0x0000000086600000| Untracked 
|  75|0x0000000086700000, 0x0000000086700000, 0x0000000086800000|  0%| F|  |TAMS 0x0000000086700000, 0x0000000086700000| Untracked 
|  76|0x0000000086800000, 0x0000000086800000, 0x0000000086900000|  0%| F|  |TAMS 0x0000000086800000, 0x0000000086800000| Untracked 
|  77|0x0000000086900000, 0x0000000086900000, 0x0000000086a00000|  0%| F|  |TAMS 0x0000000086900000, 0x0000000086900000| Untracked 
|  78|0x0000000086a00000, 0x0000000086a00000, 0x0000000086b00000|  0%| F|  |TAMS 0x0000000086a00000, 0x0000000086a00000| Untracked 
|  79|0x0000000086b00000, 0x0000000086b00000, 0x0000000086c00000|  0%| F|  |TAMS 0x0000000086b00000, 0x0000000086b00000| Untracked 
|  80|0x0000000086c00000, 0x0000000086c00000, 0x0000000086d00000|  0%| F|  |TAMS 0x0000000086c00000, 0x0000000086c00000| Untracked 
|  81|0x0000000086d00000, 0x0000000086d00000, 0x0000000086e00000|  0%| F|  |TAMS 0x0000000086d00000, 0x0000000086d00000| Untracked 
|  82|0x0000000086e00000, 0x0000000086e00000, 0x0000000086f00000|  0%| F|  |TAMS 0x0000000086e00000, 0x0000000086e00000| Untracked 
|  83|0x0000000086f00000, 0x0000000086f00000, 0x0000000087000000|  0%| F|  |TAMS 0x0000000086f00000, 0x0000000086f00000| Untracked 
|  84|0x0000000087000000, 0x0000000087000000, 0x0000000087100000|  0%| F|  |TAMS 0x0000000087000000, 0x0000000087000000| Untracked 
|  85|0x0000000087100000, 0x0000000087100000, 0x0000000087200000|  0%| F|  |TAMS 0x0000000087100000, 0x0000000087100000| Untracked 
|  86|0x0000000087200000, 0x0000000087200000, 0x0000000087300000|  0%| F|  |TAMS 0x0000000087200000, 0x0000000087200000| Untracked 
|  87|0x0000000087300000, 0x0000000087300000, 0x0000000087400000|  0%| F|  |TAMS 0x0000000087300000, 0x0000000087300000| Untracked 
|  88|0x0000000087400000, 0x0000000087400000, 0x0000000087500000|  0%| F|  |TAMS 0x0000000087400000, 0x0000000087400000| Untracked 
|  89|0x0000000087500000, 0x0000000087500000, 0x0000000087600000|  0%| F|  |TAMS 0x0000000087500000, 0x0000000087500000| Untracked 
|  90|0x0000000087600000, 0x0000000087600000, 0x0000000087700000|  0%| F|  |TAMS 0x0000000087600000, 0x0000000087600000| Untracked 
|  91|0x0000000087700000, 0x0000000087700000, 0x0000000087800000|  0%| F|  |TAMS 0x0000000087700000, 0x0000000087700000| Untracked 
|  92|0x0000000087800000, 0x0000000087800000, 0x0000000087900000|  0%| F|  |TAMS 0x0000000087800000, 0x0000000087800000| Untracked 
|  93|0x0000000087900000, 0x0000000087900000, 0x0000000087a00000|  0%| F|  |TAMS 0x0000000087900000, 0x0000000087900000| Untracked 
|  94|0x0000000087a00000, 0x0000000087a00000, 0x0000000087b00000|  0%| F|  |TAMS 0x0000000087a00000, 0x0000000087a00000| Untracked 
|  95|0x0000000087b00000, 0x0000000087b00000, 0x0000000087c00000|  0%| F|  |TAMS 0x0000000087b00000, 0x0000000087b00000| Untracked 
|  96|0x0000000087c00000, 0x0000000087c00000, 0x0000000087d00000|  0%| F|  |TAMS 0x0000000087c00000, 0x0000000087c00000| Untracked 
|  97|0x0000000087d00000, 0x0000000087d00000, 0x0000000087e00000|  0%| F|  |TAMS 0x0000000087d00000, 0x0000000087d00000| Untracked 
|  98|0x0000000087e00000, 0x0000000087e00000, 0x0000000087f00000|  0%| F|  |TAMS 0x0000000087e00000, 0x0000000087e00000| Untracked 
|  99|0x0000000087f00000, 0x0000000087f00000, 0x0000000088000000|  0%| F|  |TAMS 0x0000000087f00000, 0x0000000087f00000| Untracked 
| 100|0x0000000088000000, 0x0000000088000000, 0x0000000088100000|  0%| F|  |TAMS 0x0000000088000000, 0x0000000088000000| Untracked 
| 101|0x0000000088100000, 0x0000000088100000, 0x0000000088200000|  0%| F|  |TAMS 0x0000000088100000, 0x0000000088100000| Untracked 
| 102|0x0000000088200000, 0x0000000088200000, 0x0000000088300000|  0%| F|  |TAMS 0x0000000088200000, 0x0000000088200000| Untracked 
| 103|0x0000000088300000, 0x0000000088300000, 0x0000000088400000|  0%| F|  |TAMS 0x0000000088300000, 0x0000000088300000| Untracked 
| 104|0x0000000088400000, 0x0000000088400000, 0x0000000088500000|  0%| F|  |TAMS 0x0000000088400000, 0x0000000088400000| Untracked 
| 105|0x0000000088500000, 0x0000000088500000, 0x0000000088600000|  0%| F|  |TAMS 0x0000000088500000, 0x0000000088500000| Untracked 
| 106|0x0000000088600000, 0x0000000088600000, 0x0000000088700000|  0%| F|  |TAMS 0x0000000088600000, 0x0000000088600000| Untracked 
| 107|0x0000000088700000, 0x0000000088700000, 0x0000000088800000|  0%| F|  |TAMS 0x0000000088700000, 0x0000000088700000| Untracked 
| 108|0x0000000088800000, 0x0000000088800000, 0x0000000088900000|  0%| F|  |TAMS 0x0000000088800000, 0x0000000088800000| Untracked 
| 109|0x0000000088900000, 0x0000000088900000, 0x0000000088a00000|  0%| F|  |TAMS 0x0000000088900000, 0x0000000088900000| Untracked 
| 110|0x0000000088a00000, 0x0000000088a00000, 0x0000000088b00000|  0%| F|  |TAMS 0x0000000088a00000, 0x0000000088a00000| Untracked 
| 111|0x0000000088b00000, 0x0000000088b00000, 0x0000000088c00000|  0%| F|  |TAMS 0x0000000088b00000, 0x0000000088b00000| Untracked 
| 112|0x0000000088c00000, 0x0000000088c00000, 0x0000000088d00000|  0%| F|  |TAMS 0x0000000088c00000, 0x0000000088c00000| Untracked 
| 113|0x0000000088d00000, 0x0000000088d00000, 0x0000000088e00000|  0%| F|  |TAMS 0x0000000088d00000, 0x0000000088d00000| Untracked 
| 114|0x0000000088e00000, 0x0000000088e00000, 0x0000000088f00000|  0%| F|  |TAMS 0x0000000088e00000, 0x0000000088e00000| Untracked 
| 115|0x0000000088f00000, 0x0000000088f483b0, 0x0000000089000000| 28%| E|  |TAMS 0x0000000088f00000, 0x0000000088f00000| Complete 
| 116|0x0000000089000000, 0x0000000089100000, 0x0000000089100000|100%| E|CS|TAMS 0x0000000089000000, 0x0000000089000000| Complete 
| 117|0x0000000089100000, 0x0000000089200000, 0x0000000089200000|100%| E|CS|TAMS 0x0000000089100000, 0x0000000089100000| Complete 
| 118|0x0000000089200000, 0x0000000089300000, 0x0000000089300000|100%| E|CS|TAMS 0x0000000089200000, 0x0000000089200000| Complete 
| 119|0x0000000089300000, 0x0000000089400000, 0x0000000089400000|100%| E|CS|TAMS 0x0000000089300000, 0x0000000089300000| Complete 
| 120|0x0000000089400000, 0x0000000089500000, 0x0000000089500000|100%| E|CS|TAMS 0x0000000089400000, 0x0000000089400000| Complete 
| 121|0x0000000089500000, 0x0000000089600000, 0x0000000089600000|100%| E|CS|TAMS 0x0000000089500000, 0x0000000089500000| Complete 
| 122|0x0000000089600000, 0x0000000089700000, 0x0000000089700000|100%| E|CS|TAMS 0x0000000089600000, 0x0000000089600000| Complete 
| 123|0x0000000089700000, 0x0000000089800000, 0x0000000089800000|100%| E|  |TAMS 0x0000000089700000, 0x0000000089700000| Complete 
| 124|0x0000000089800000, 0x0000000089900000, 0x0000000089900000|100%| E|CS|TAMS 0x0000000089800000, 0x0000000089800000| Complete 
| 125|0x0000000089900000, 0x0000000089a00000, 0x0000000089a00000|100%| E|CS|TAMS 0x0000000089900000, 0x0000000089900000| Complete 
| 126|0x0000000089a00000, 0x0000000089b00000, 0x0000000089b00000|100%| E|CS|TAMS 0x0000000089a00000, 0x0000000089a00000| Complete 
| 127|0x0000000089b00000, 0x0000000089c00000, 0x0000000089c00000|100%| E|CS|TAMS 0x0000000089b00000, 0x0000000089b00000| Complete 

Card table byte_map: [0x0000025a99c40000,0x0000025a9a040000] _byte_map_base: 0x0000025a99832000

Marking Bits (Prev, Next): (CMBitMap*) 0x0000025a82380be8, (CMBitMap*) 0x0000025a82380c28
 Prev Bits: [0x0000025a9a440000, 0x0000025a9c3d0000)
 Next Bits: [0x0000025a9c3d0000, 0x0000025a9e360000)

Polling page: 0x0000025a804e0000

Metaspace:

Usage:
  Non-class:      6.96 MB capacity,     6.83 MB ( 98%) used,   111.05 KB (  2%) free+waste,    18.50 KB ( <1%) overhead. 
      Class:    953.00 KB capacity,   837.48 KB ( 88%) used,   103.45 KB ( 11%) free+waste,    12.06 KB (  1%) overhead. 
       Both:      7.89 MB capacity,     7.65 MB ( 97%) used,   214.50 KB (  3%) free+waste,    30.56 KB ( <1%) overhead. 

Virtual space:
  Non-class space:        8.00 MB reserved,       7.00 MB ( 88%) committed 
      Class space:        1.00 GB reserved,       1.00 MB ( <1%) committed 
             Both:        1.01 GB reserved,       8.00 MB ( <1%) committed 

Chunk freelists:
   Non-Class:  44.00 KB
       Class:  7.00 KB
        Both:  51.00 KB

MaxMetaspaceSize: 17179869184.00 GB
CompressedClassSpaceSize: 1.00 GB

CodeHeap 'non-profiled nmethods': size=120000Kb used=383Kb max_used=383Kb free=119616Kb
 bounds [0x0000025a92310000, 0x0000025a92580000, 0x0000025a99840000]
CodeHeap 'profiled nmethods': size=120000Kb used=2196Kb max_used=2196Kb free=117803Kb
 bounds [0x0000025a8ade0000, 0x0000025a8b050000, 0x0000025a92310000]
CodeHeap 'non-nmethods': size=5760Kb used=1269Kb max_used=1285Kb free=4490Kb
 bounds [0x0000025a8a840000, 0x0000025a8aab0000, 0x0000025a8ade0000]
 total_blobs=2228 nmethods=1177 adapters=460
 compilation: enabled
              stopped_count=0, restarted_count=0
 full_count=0

Compilation events (20 events):
Event: 5.709 Thread 0x0000025aa09ad000 nmethod 1206 0x0000025a9236a210 code [0x0000025a9236a3c0, 0x0000025a9236ab18]
Event: 5.709 Thread 0x0000025aa09ad000 1207       4       sun.java2d.SunGraphics2D::setFont (105 bytes)
Event: 5.712 Thread 0x0000025aa09ad000 nmethod 1207 0x0000025a9236b010 code [0x0000025a9236b1a0, 0x0000025a9236b378]
Event: 5.723 Thread 0x0000025aa09ad000 1208       4       sun.java2d.pipe.Region::getIntersectionXYXY (108 bytes)
Event: 5.728 Thread 0x0000025aa09ad000 nmethod 1208 0x0000025a9236b410 code [0x0000025a9236b5a0, 0x0000025a9236b898]
Event: 5.728 Thread 0x0000025aa09ad000 1209       4       java.awt.geom.Path2D$Float::needRoom (72 bytes)
Event: 5.730 Thread 0x0000025aa09ad000 nmethod 1209 0x0000025a9236bb10 code [0x0000025a9236bca0, 0x0000025a9236bdb8]
Event: 5.730 Thread 0x0000025aa09ad000 1210       4       java.awt.Component::getGraphics (124 bytes)
Event: 5.823 Thread 0x0000025aa09ad000 nmethod 1210 0x0000025a9236bf10 code [0x0000025a9236c1e0, 0x0000025a9236dc00]
Event: 5.929 Thread 0x0000025aa09ad000 1211       4       javax.swing.RepaintManager::currentManager (37 bytes)
Event: 5.931 Thread 0x0000025aa09ad000 nmethod 1211 0x0000025a9236ef90 code [0x0000025a9236f120, 0x0000025a9236f1c8]
Event: 6.010 Thread 0x0000025aa09ad000 1212       4       sun.awt.AppContext::getAppContext (51 bytes)
Event: 6.011 Thread 0x0000025aa09ad000 nmethod 1212 0x0000025a9236f310 code [0x0000025a9236f4a0, 0x0000025a9236f538]
Event: 6.087 Thread 0x0000025aa09b2000 1213       3       java.util.concurrent.locks.AbstractQueuedSynchronizer::isOnSyncQueue (33 bytes)
Event: 6.087 Thread 0x0000025aa09b2000 nmethod 1213 0x0000025a8b005290 code [0x0000025a8b005460, 0x0000025a8b005838]
Event: 6.226 Thread 0x0000025aa09ad000 1214       4       javax.swing.plaf.ComponentUI::paint (1 bytes)
Event: 6.226 Thread 0x0000025aa09ad000 nmethod 1214 0x0000025a9236f610 code [0x0000025a9236f7a0, 0x0000025a9236f818]
Event: 6.325 Thread 0x0000025aa09ad000 1215       4       java.awt.Component::isShowing (38 bytes)
Event: 6.327 Thread 0x0000025aa09ad000 nmethod 1215 0x0000025a9236f910 code [0x0000025a9236faa0, 0x0000025a9236fb98]
Event: 6.328 Thread 0x0000025aa09ad000 1216       4       sun.java2d.SunGraphics2D::dispose (12 bytes)

GC Heap History (0 events):
No events

Deoptimization events (20 events):
Event: 2.934 Thread 0x0000025aa1d50800 DEOPT PACKING pc=0x0000025a8af285e0 sp=0x000000ad3e5fcc70
Event: 2.934 Thread 0x0000025aa1d50800 DEOPT UNPACKING pc=0x0000025a8a88964e sp=0x000000ad3e5fc148 mode 0
Event: 2.935 Thread 0x0000025aa1d50800 DEOPT PACKING pc=0x0000025a8af285e0 sp=0x000000ad3e5fcc70
Event: 2.935 Thread 0x0000025aa1d50800 DEOPT UNPACKING pc=0x0000025a8a88964e sp=0x000000ad3e5fc148 mode 0
Event: 2.935 Thread 0x0000025aa1d50800 DEOPT PACKING pc=0x0000025a8af285e0 sp=0x000000ad3e5fcc70
Event: 2.935 Thread 0x0000025aa1d50800 DEOPT UNPACKING pc=0x0000025a8a88964e sp=0x000000ad3e5fc148 mode 0
Event: 3.922 Thread 0x0000025aa1d50800 Uncommon trap: trap_request=0xffffffde fr.pc=0x0000025a9235ecd0 relative=0x0000000000000290
Event: 3.922 Thread 0x0000025aa1d50800 Uncommon trap: reason=class_check action=maybe_recompile pc=0x0000025a9235ecd0 method=java.util.HashMap.getNode(ILjava/lang/Object;)Ljava/util/HashMap$Node; @ 126 c2
Event: 3.922 Thread 0x0000025aa1d50800 DEOPT PACKING pc=0x0000025a9235ecd0 sp=0x000000ad3e5fe020
Event: 3.922 Thread 0x0000025aa1d50800 DEOPT UNPACKING pc=0x0000025a8a88912f sp=0x000000ad3e5fdf28 mode 2
Event: 3.924 Thread 0x0000025aa1d50800 Uncommon trap: trap_request=0xffffffde fr.pc=0x0000025a9235ecd0 relative=0x0000000000000290
Event: 3.924 Thread 0x0000025aa1d50800 Uncommon trap: reason=class_check action=maybe_recompile pc=0x0000025a9235ecd0 method=java.util.HashMap.getNode(ILjava/lang/Object;)Ljava/util/HashMap$Node; @ 126 c2
Event: 3.924 Thread 0x0000025aa1d50800 DEOPT PACKING pc=0x0000025a9235ecd0 sp=0x000000ad3e5fde50
Event: 3.924 Thread 0x0000025aa1d50800 DEOPT UNPACKING pc=0x0000025a8a88912f sp=0x000000ad3e5fdd58 mode 2
Event: 3.975 Thread 0x0000025aa1d50800 Uncommon trap: trap_request=0xffffffde fr.pc=0x0000025a9235ecd0 relative=0x0000000000000290
Event: 3.975 Thread 0x0000025aa1d50800 Uncommon trap: reason=class_check action=maybe_recompile pc=0x0000025a9235ecd0 method=java.util.HashMap.getNode(ILjava/lang/Object;)Ljava/util/HashMap$Node; @ 126 c2
Event: 3.975 Thread 0x0000025aa1d50800 DEOPT PACKING pc=0x0000025a9235ecd0 sp=0x000000ad3e5fe060
Event: 3.975 Thread 0x0000025aa1d50800 DEOPT UNPACKING pc=0x0000025a8a88912f sp=0x000000ad3e5fdf68 mode 2
Event: 4.150 Thread 0x0000025aa1d50800 DEOPT PACKING pc=0x0000025a8af4a2cf sp=0x000000ad3e5fe8e0
Event: 4.150 Thread 0x0000025aa1d50800 DEOPT UNPACKING pc=0x0000025a8a88964e sp=0x000000ad3e5fdd70 mode 0

Classes unloaded (0 events):
No events

Classes redefined (0 events):
No events

Internal exceptions (12 events):
Event: 0.234 Thread 0x0000025a8233c000 Exception <a 'java/lang/ClassNotFoundException'{0x0000000089a142b8}: sun/awt/resources/spi/awtProvider> (0x0000000089a142b8) 
thrown [t:/workspace/open/src/hotspot/share/classfile/systemDictionary.cpp, line 232]
Event: 0.300 Thread 0x0000025a8233c000 Exception <a 'java/io/FileNotFoundException'{0x0000000089a69398}> (0x0000000089a69398) 
thrown [t:/workspace/open/src/hotspot/share/prims/jni.cpp, line 598]
Event: 0.393 Thread 0x0000025a8233c000 Exception <a 'java/io/FileNotFoundException'{0x0000000089a8fa48}> (0x0000000089a8fa48) 
thrown [t:/workspace/open/src/hotspot/share/prims/jni.cpp, line 598]
Event: 0.534 Thread 0x0000025aa165e000 Exception <a 'java/lang/NoSuchMethodError'{0x0000000089905168}: 'void java.lang.invoke.DirectMethodHandle$Holder.invokeSpecial(java.lang.Object, java.lang.Object)'> (0x0000000089905168) 
thrown [t:/workspace/open/src/hotspot/share/interpreter/linkResolver.cpp, line 767]
Event: 0.586 Thread 0x0000025a8233c000 Exception <a 'java/lang/NoSuchMethodError'{0x0000000089999f08}: 'java.lang.Object java.lang.invoke.DirectMethodHandle$Holder.invokeStatic(java.lang.Object, int, java.lang.Object, java.lang.Object, java.lang.Object, java.lang.Object)'> (0x0000000089999f08) 
thrown [t:/workspace/open/src/hotspot/share/interpreter/linkResolver.cpp, line 767]
Event: 0.587 Thread 0x0000025a8233c000 Exception <a 'java/lang/NoSuchMethodError'{0x00000000899a0868}: 'java.lang.Object java.lang.invoke.DirectMethodHandle$Holder.invokeStatic(java.lang.Object, int, java.lang.Object, java.lang.Object, java.lang.Object)'> (0x00000000899a0868) 
thrown [t:/workspace/open/src/hotspot/share/interpreter/linkResolver.cpp, line 767]
Event: 0.588 Thread 0x0000025a8233c000 Exception <a 'java/lang/NoSuchMethodError'{0x00000000899a40d0}: 'java.lang.Object java.lang.invoke.DirectMethodHandle$Holder.invokeSpecial(java.lang.Object, java.lang.Object, int, java.lang.Object, java.lang.Object, java.lang.Object)'> (0x00000000899a40d0) 
thrown [t:/workspace/open/src/hotspot/share/interpreter/linkResolver.cpp, line 767]
Event: 0.592 Thread 0x0000025a8233c000 Exception <a 'java/lang/NoSuchMethodError'{0x00000000899ba3f8}: 'java.lang.Object java.lang.invoke.DirectMethodHandle$Holder.invokeStatic(java.lang.Object, int, java.lang.Object)'> (0x00000000899ba3f8) 
thrown [t:/workspace/open/src/hotspot/share/interpreter/linkResolver.cpp, line 767]
Event: 0.645 Thread 0x0000025a8233c000 Exception <a 'java/lang/ClassNotFoundException'{0x000000008985ddd0}: com/sun/swing/internal/plaf/metal/resources/spi/metalProvider> (0x000000008985ddd0) 
thrown [t:/workspace/open/src/hotspot/share/classfile/systemDictionary.cpp, line 232]
Event: 0.646 Thread 0x0000025a8233c000 Exception <a 'java/lang/ClassNotFoundException'{0x00000000898620d8}: com/sun/swing/internal/plaf/basic/resources/spi/basicProvider> (0x00000000898620d8) 
thrown [t:/workspace/open/src/hotspot/share/classfile/systemDictionary.cpp, line 232]
Event: 0.983 Thread 0x0000025a8233c000 Exception <a 'java/lang/NoSuchMethodError'{0x00000000896d8f28}: 'void java.lang.invoke.DirectMethodHandle$Holder.invokeStaticInit(java.lang.Object)'> (0x00000000896d8f28) 
thrown [t:/workspace/open/src/hotspot/share/interpreter/linkResolver.cpp, line 767]
Event: 1.033 Thread 0x0000025a8233c000 Exception <a 'java/lang/NoSuchMethodError'{0x000000008952ebc0}: 'java.lang.Object java.lang.invoke.Invokers$Holder.linkToTargetMethod(java.lang.Object, int, java.lang.Object)'> (0x000000008952ebc0) 
thrown [t:/workspace/open/src/hotspot/share/interpreter/linkResolver.cpp, line 767]

Events (20 events):
Event: 2.995 loading class java/awt/geom/EllipseIterator
Event: 2.995 loading class java/awt/geom/PathIterator
Event: 2.995 loading class java/awt/geom/PathIterator done
Event: 2.995 loading class java/awt/geom/EllipseIterator done
Event: 3.087 Loaded shared library C:\Program Files\Java\jdk-13.0.2\bin\java.dll
Event: 3.088 Loaded shared library C:\Program Files\Java\jdk-13.0.2\bin\java.dll
Event: 3.089 Loaded shared library C:\Program Files\Java\jdk-13.0.2\bin\java.dll
Event: 3.090 Loaded shared library C:\Program Files\Java\jdk-13.0.2\bin\java.dll
Event: 3.607 Loaded shared library C:\Program Files\Java\jdk-13.0.2\bin\java.dll
Event: 3.609 Loaded shared library C:\Program Files\Java\jdk-13.0.2\bin\java.dll
Event: 3.610 Loaded shared library C:\Program Files\Java\jdk-13.0.2\bin\java.dll
Event: 3.611 Loaded shared library C:\Program Files\Java\jdk-13.0.2\bin\java.dll
Event: 3.922 loading class sun/awt/DebugSettings
Event: 3.923 loading class sun/awt/DebugSettings done
Event: 3.923 loading class javax/swing/JComponent$KeyboardState
Event: 3.923 loading class javax/swing/JComponent$KeyboardState done
Event: 3.923 loading class javax/swing/JComponent$IntVector
Event: 3.924 loading class javax/swing/JComponent$IntVector done
Event: 3.924 loading class javax/swing/JComponent$ActionStandin
Event: 3.924 loading class javax/swing/JComponent$ActionStandin done


Dynamic libraries:
0x00007ff74eb80000 - 0x00007ff74eb8f000 	C:\Program Files\Java\jdk-13.0.2\bin\javaw.exe
0x00007fff7c700000 - 0x00007fff7c8f0000 	C:\WINDOWS\SYSTEM32\ntdll.dll
0x00007fff7b2c0000 - 0x00007fff7b372000 	C:\WINDOWS\System32\KERNEL32.DLL
0x00007fff7a070000 - 0x00007fff7a313000 	C:\WINDOWS\System32\KERNELBASE.dll
0x00007fff797f0000 - 0x00007fff798ea000 	C:\WINDOWS\System32\ucrtbase.dll
0x00007fff72860000 - 0x00007fff72878000 	C:\Program Files\Java\jdk-13.0.2\bin\jli.dll
0x00007fff7a880000 - 0x00007fff7a923000 	C:\WINDOWS\System32\ADVAPI32.dll
0x00007fff7a7e0000 - 0x00007fff7a87e000 	C:\WINDOWS\System32\msvcrt.dll
0x00007fff7b400000 - 0x00007fff7b497000 	C:\WINDOWS\System32\sechost.dll
0x00007fff7aa20000 - 0x00007fff7ab40000 	C:\WINDOWS\System32\RPCRT4.dll
0x00007fff7bc60000 - 0x00007fff7bdf4000 	C:\WINDOWS\System32\USER32.dll
0x00007fff79690000 - 0x00007fff796b1000 	C:\WINDOWS\System32\win32u.dll
0x00007fff7aba0000 - 0x00007fff7abc6000 	C:\WINDOWS\System32\GDI32.dll
0x00007fff7a440000 - 0x00007fff7a5d4000 	C:\WINDOWS\System32\gdi32full.dll
0x00007fff79750000 - 0x00007fff797ee000 	C:\WINDOWS\System32\msvcp_win.dll
0x00007fff71fa0000 - 0x00007fff71fb5000 	C:\Program Files\Java\jdk-13.0.2\bin\VCRUNTIME140.dll
0x00007fff67bd0000 - 0x00007fff67e55000 	C:\WINDOWS\WinSxS\amd64_microsoft.windows.common-controls_6595b64144ccf1df_6.0.18362.778_none_e6c6b761130d4fb8\COMCTL32.dll
0x00007fff7b920000 - 0x00007fff7bc56000 	C:\WINDOWS\System32\combase.dll
0x00007fff7a730000 - 0x00007fff7a7b0000 	C:\WINDOWS\System32\bcryptPrimitives.dll
0x00007fff72540000 - 0x00007fff7254a000 	C:\WINDOWS\SYSTEM32\VERSION.dll
0x00007fff7b8f0000 - 0x00007fff7b91e000 	C:\WINDOWS\System32\IMM32.DLL
0x00007fff50e40000 - 0x00007fff50edb000 	C:\Program Files\Java\jdk-13.0.2\bin\msvcp140.dll
0x00007fff14bc0000 - 0x00007fff1571d000 	C:\Program Files\Java\jdk-13.0.2\bin\server\jvm.dll
0x00007fff7a930000 - 0x00007fff7a938000 	C:\WINDOWS\System32\PSAPI.DLL
0x00007fff6f050000 - 0x00007fff6f059000 	C:\WINDOWS\SYSTEM32\WSOCK32.dll
0x00007fff7b880000 - 0x00007fff7b8ef000 	C:\WINDOWS\System32\WS2_32.dll
0x00007fff6c7e0000 - 0x00007fff6c804000 	C:\WINDOWS\SYSTEM32\WINMM.dll
0x00007fff6c7b0000 - 0x00007fff6c7dd000 	C:\WINDOWS\SYSTEM32\WINMMBASE.dll
0x00007fff7a340000 - 0x00007fff7a38a000 	C:\WINDOWS\System32\cfgmgr32.dll
0x00007fff795d0000 - 0x00007fff795e1000 	C:\WINDOWS\System32\kernel.appcore.dll
0x00007fff738b0000 - 0x00007fff738c0000 	C:\Program Files\Java\jdk-13.0.2\bin\verify.dll
0x00007fff78230000 - 0x00007fff78424000 	C:\WINDOWS\SYSTEM32\DBGHELP.DLL
0x00007fff73cd0000 - 0x00007fff73cfa000 	C:\WINDOWS\SYSTEM32\dbgcore.DLL
0x00007fff5e330000 - 0x00007fff5e356000 	C:\Program Files\Java\jdk-13.0.2\bin\java.dll
0x00007fff6aec0000 - 0x00007fff6aed7000 	C:\Program Files\Java\jdk-13.0.2\bin\zip.dll
0x00007fff72880000 - 0x00007fff7288a000 	C:\Program Files\Java\jdk-13.0.2\bin\jimage.dll
0x00007fff7abd0000 - 0x00007fff7b2b5000 	C:\WINDOWS\System32\SHELL32.dll
0x00007fff7b4a0000 - 0x00007fff7b549000 	C:\WINDOWS\System32\shcore.dll
0x00007fff798f0000 - 0x00007fff7a070000 	C:\WINDOWS\System32\windows.storage.dll
0x00007fff79610000 - 0x00007fff79633000 	C:\WINDOWS\System32\profapi.dll
0x00007fff79640000 - 0x00007fff7968a000 	C:\WINDOWS\System32\powrprof.dll
0x00007fff795c0000 - 0x00007fff795d0000 	C:\WINDOWS\System32\UMPDC.dll
0x00007fff7ab40000 - 0x00007fff7ab92000 	C:\WINDOWS\System32\shlwapi.dll
0x00007fff7a320000 - 0x00007fff7a337000 	C:\WINDOWS\System32\cryptsp.dll
0x00007fff50300000 - 0x00007fff50499000 	C:\Program Files\Java\jdk-13.0.2\bin\awt.dll
0x00007fff7a940000 - 0x00007fff7aa04000 	C:\WINDOWS\System32\OLEAUT32.dll
0x00007fff76f60000 - 0x00007fff76fef000 	C:\WINDOWS\SYSTEM32\apphelp.dll
0x00007fff777e0000 - 0x00007fff7780d000 	C:\WINDOWS\system32\DWMAPI.DLL
0x00007fff77030000 - 0x00007fff770c9000 	C:\WINDOWS\system32\uxtheme.dll
0x00007fff56c10000 - 0x00007fff56d66000 	C:\WINDOWS\system32\opengl32.dll
0x00007fff5a120000 - 0x00007fff5a14c000 	C:\WINDOWS\SYSTEM32\GLU32.dll
0x00007fff77e80000 - 0x00007fff77ea0000 	C:\WINDOWS\SYSTEM32\dxcore.dll
0x00007fff7c520000 - 0x00007fff7c656000 	C:\WINDOWS\System32\MSCTF.dll
0x00007fff7c350000 - 0x00007fff7c4a7000 	C:\WINDOWS\System32\ole32.dll
0x00007fff50f40000 - 0x00007fff50fc2000 	C:\Program Files\Java\jdk-13.0.2\bin\freetype.dll
0x00007fff50250000 - 0x00007fff502f6000 	C:\Program Files\Java\jdk-13.0.2\bin\fontmanager.dll
0x00007fff717e0000 - 0x00007fff7187e000 	C:\WINDOWS\System32\TextInputFramework.dll
0x00007fff65b10000 - 0x00007fff65e3a000 	C:\WINDOWS\System32\CoreUIComponents.dll
0x00007fff76e50000 - 0x00007fff76f24000 	C:\WINDOWS\System32\CoreMessaging.dll
0x00007fff78620000 - 0x00007fff78651000 	C:\WINDOWS\SYSTEM32\ntmarta.dll
0x00007fff75150000 - 0x00007fff752a3000 	C:\WINDOWS\SYSTEM32\wintypes.dll
0x00007fff691e0000 - 0x00007fff691f9000 	C:\Program Files\Java\jdk-13.0.2\bin\net.dll
0x00007fff75830000 - 0x00007fff75920000 	C:\WINDOWS\SYSTEM32\WINHTTP.dll
0x00007fff78e30000 - 0x00007fff78e97000 	C:\WINDOWS\system32\mswsock.dll
0x00007fff69150000 - 0x00007fff69163000 	C:\Program Files\Java\jdk-13.0.2\bin\nio.dll
0x00007fff6d790000 - 0x00007fff6da36000 	C:\WINDOWS\System32\iertutil.dll
0x00007fff71f70000 - 0x00007fff71f9d000 	C:\Program Files\Java\jdk-13.0.2\bin\javajpeg.dll

dbghelp: loaded successfully - version: 4.0.5 - missing functions: none
symbol engine: initialized successfully - sym options: 0x614 - pdb path: .;C:\Program Files\Java\jdk-13.0.2\bin;C:\WINDOWS\SYSTEM32;C:\WINDOWS\WinSxS\amd64_microsoft.windows.common-controls_6595b64144ccf1df_6.0.18362.778_none_e6c6b761130d4fb8;C:\Program Files\Java\jdk-13.0.2\bin\server

VM Arguments:
jvm_args: -Dfile.encoding=Cp1252 
java_command: presentacion.PongGUI
java_class_path (initial): C:\Users\ASUS\Documents\proyecto final\pong\bin
Launcher Type: SUN_STANDARD

[Global flags]
     intx CICompilerCount                          = 3                                         {product} {ergonomic}
     uint ConcGCThreads                            = 1                                         {product} {ergonomic}
     uint G1ConcRefinementThreads                  = 4                                         {product} {ergonomic}
   size_t G1HeapRegionSize                         = 1048576                                   {product} {ergonomic}
    uintx GCDrainStackTargetSize                   = 64                                        {product} {ergonomic}
   size_t InitialHeapSize                          = 134217728                                 {product} {ergonomic}
   size_t MarkStackSize                            = 4194304                                   {product} {ergonomic}
   size_t MaxHeapSize                              = 2118123520                                {product} {ergonomic}
   size_t MaxNewSize                               = 1270874112                                {product} {ergonomic}
   size_t MinHeapDeltaBytes                        = 1048576                                   {product} {ergonomic}
   size_t MinHeapSize                              = 8388608                                   {product} {ergonomic}
    uintx NonNMethodCodeHeapSize                   = 5832780                                {pd product} {ergonomic}
    uintx NonProfiledCodeHeapSize                  = 122912730                              {pd product} {ergonomic}
    uintx ProfiledCodeHeapSize                     = 122912730                              {pd product} {ergonomic}
    uintx ReservedCodeCacheSize                    = 251658240                              {pd product} {ergonomic}
     bool SegmentedCodeCache                       = true                                      {product} {ergonomic}
   size_t SoftMaxHeapSize                          = 2118123520                             {manageable} {ergonomic}
     bool UseCompressedClassPointers               = true                                 {lp64_product} {ergonomic}
     bool UseCompressedOops                        = true                                 {lp64_product} {ergonomic}
     bool UseG1GC                                  = true                                      {product} {ergonomic}
     bool UseLargePagesIndividualAllocation        = false                                  {pd product} {ergonomic}

Logging:
Log output configuration:
 #0: stdout all=warning uptime,level,tags
 #1: stderr all=off uptime,level,tags

Environment Variables:
PATH=C:/Program Files/Java/jdk-13.0.2/bin/server;C:/Program Files/Java/jdk-13.0.2/bin;C:\Program Files (x86)\Common Files\Oracle\Java\javapath;C:\WINDOWS\system32;C:\WINDOWS;C:\WINDOWS\System32\Wbem;C:\WINDOWS\System32\WindowsPowerShell\v1.0\;C:\WINDOWS\System32\OpenSSH\;C:\Program Files\Git\cmd;C:\Program Files\Java\jdk-13.0.2\bin;C:\Users\ASUS\AppData\Local\Microsoft\WindowsApps;;C:\Users\ASUS\AppData\Local\Programs\Microsoft VS Code\bin;C:\WINDOWS\system32;
USERNAME=ASUS
OS=Windows_NT
PROCESSOR_IDENTIFIER=Intel64 Family 6 Model 69 Stepping 1, GenuineIntel



---------------  S Y S T E M  ---------------

OS: Windows 10 , 64 bit Build 18362 (10.0.18362.778)

CPU:total 4 (initial active 4) (2 cores per cpu, 2 threads per core) family 6 model 69 stepping 1, cmov, cx8, fxsr, mmx, sse, sse2, sse3, ssse3, sse4.1, sse4.2, popcnt, avx, avx2, aes, clmul, erms, lzcnt, ht, tsc, tscinvbit, bmi1, bmi2, fma

Memory: 4k page, system-wide physical 8075M (1346M free)
TotalPageFile size 32651M (AvailPageFile size 0M)
current process WorkingSet (physical memory assigned to process): 70M, peak: 70M
current process commit charge ("private bytes"): 216M, peak: 218M

vm_info: Java HotSpot(TM) 64-Bit Server VM (13.0.2+8) for windows-amd64 JRE (13.0.2+8), built on Dec 11 2019 09:20:33 by "mach5one" with unknown MS VC++:1916

END.
